c:\users\miguel\source\repos\edafefoliob\edafefoliob\x64\debug\vc143.pdb
c:\users\miguel\source\repos\edafefoliob\edafefoliob\x64\debug\vc143.idb
c:\users\miguel\source\repos\edafefoliob\edafefoliob\x64\debug\maxh.obj
c:\users\miguel\source\repos\edafefoliob\edafefoliob\x64\debug\main-maxh.obj
c:\users\miguel\source\repos\edafefoliob\edafefoliob\x64\debug\edafefoliob.ilk
c:\users\miguel\source\repos\edafefoliob\x64\debug\edafefoliob.pdb
c:\users\miguel\source\repos\edafefoliob\edafefoliob\x64\debug\edafefoliob.tlog\cl.command.1.tlog
c:\users\miguel\source\repos\edafefoliob\edafefoliob\x64\debug\edafefoliob.tlog\cl.items.tlog
c:\users\miguel\source\repos\edafefoliob\edafefoliob\x64\debug\edafefoliob.tlog\cl.read.1.tlog
c:\users\miguel\source\repos\edafefoliob\edafefoliob\x64\debug\edafefoliob.tlog\cl.write.1.tlog
c:\users\miguel\source\repos\edafefoliob\edafefoliob\x64\debug\edafefoliob.tlog\link-cvtres.read.1.tlog
c:\users\miguel\source\repos\edafefoliob\edafefoliob\x64\debug\edafefoliob.tlog\link-cvtres.write.1.tlog
c:\users\miguel\source\repos\edafefoliob\edafefoliob\x64\debug\edafefoliob.tlog\link-rc.read.1.tlog
c:\users\miguel\source\repos\edafefoliob\edafefoliob\x64\debug\edafefoliob.tlog\link-rc.write.1.tlog
c:\users\miguel\source\repos\edafefoliob\edafefoliob\x64\debug\edafefoliob.tlog\link.6596-cvtres.read.1.tlog
c:\users\miguel\source\repos\edafefoliob\edafefoliob\x64\debug\edafefoliob.tlog\link.6596-cvtres.write.1.tlog
c:\users\miguel\source\repos\edafefoliob\edafefoliob\x64\debug\edafefoliob.tlog\link.6596-rc.read.1.tlog
c:\users\miguel\source\repos\edafefoliob\edafefoliob\x64\debug\edafefoliob.tlog\link.6596-rc.write.1.tlog
c:\users\miguel\source\repos\edafefoliob\edafefoliob\x64\debug\edafefoliob.tlog\link.6596.read.1.tlog
c:\users\miguel\source\repos\edafefoliob\edafefoliob\x64\debug\edafefoliob.tlog\link.6596.read.2.tlog
c:\users\miguel\source\repos\edafefoliob\edafefoliob\x64\debug\edafefoliob.tlog\link.6596.write.1.tlog
c:\users\miguel\source\repos\edafefoliob\edafefoliob\x64\debug\edafefoliob.tlog\link.command.1.tlog
c:\users\miguel\source\repos\edafefoliob\edafefoliob\x64\debug\edafefoliob.tlog\link.read.1.tlog
c:\users\miguel\source\repos\edafefoliob\edafefoliob\x64\debug\edafefoliob.tlog\link.read.2.tlog
c:\users\miguel\source\repos\edafefoliob\edafefoliob\x64\debug\edafefoliob.tlog\link.secondary.1.tlog
c:\users\miguel\source\repos\edafefoliob\edafefoliob\x64\debug\edafefoliob.tlog\link.write.1.tlog
